Wed Feb 17 15:21:55 IST 2016
Host name is
webonise-Desktop
Name & version of OS is
Linux 3.13.0-32-generic
Path of directory
/home/webonise/Desktop
Currently logged users are
webonise :0           2016-02-17 13:51   ?          1517 (:0)
webonise pts/0        2016-02-17 13:56   .          2442 (:0)
Groups you are in
webonise adm cdrom sudo dip plugdev lpadmin sambashare
list of all files exculding directories
.bashrc
.bash_history
Untitled Document
examples.desktop
.profile
.Xauthority
.xsession-errors.old
.ICEauthority
.bash_logout
.dmrc
.xsession-errors
.viminfo
